INFO:     Will watch for changes in these directories: ['/Users/macbook/Desktop/football-academy-system 2']
INFO:     Uvicorn running on http://0.0.0.0:8000 (Press CTRL+C to quit)
INFO:     Started reloader process [31968] using statreload
INFO:     Started server process [32023]
INFO:     Waiting for application startup.
INFO:     Application startup complete.
WARNING:  StatReload detected file change in 'examples_integration.py'. Reloading...
INFO:     Shutting down
INFO:     Waiting for application shutdown.
INFO:     Application shutdown complete.
INFO:     Finished server process [32023]
INFO:     Started server process [32494]
INFO:     Waiting for application startup.
INFO:     Application startup complete.
INFO:     127.0.0.1:57556 - "GET /api/v1/auth/me HTTP/1.1" 401 Unauthorized
Login attempt: username=' 373999999', password='coach123'
RAW LOGIN REQUEST: username=' 373999999', password='coach123'
Trying phone_with_plus: '+373999999'
User FOUND: ID=3, Role=coach, Hash=$2b$12$jHoauTTeN4lDJ3jVh3EUeubuFR6hZGzjhlOWy6T.tyxTFjTQm8rHK
Password Valid: False
❌ Password mismatch
INFO:     127.0.0.1:58134 - "POST /api/v1/auth/login HTTP/1.1" 401 Unauthorized
Login attempt: username=' 373999999', password='coach123'
RAW LOGIN REQUEST: username=' 373999999', password='coach123'
Trying phone_with_plus: '+373999999'
User FOUND: ID=3, Role=coach, Hash=$2b$12$bJ4E5O0BII.eblAOsbBOq.Z7giKQVJ3xbVlnJdJe.bTg/5DocH8He
Password Valid: True
INFO:     127.0.0.1:58190 - "POST /api/v1/auth/login HTTP/1.1" 200 OK
INFO:     127.0.0.1:58698 - "OPTIONS /api/v1/auth/login HTTP/1.1" 200 OK
Login attempt: username='+373123', password='coach123'
RAW LOGIN REQUEST: username='+373123', password='coach123'
Trying phone_with_plus: '+373123'
Trying clean_phone (no plus): '373123'
❌ User NOT FOUND in DB
INFO:     127.0.0.1:58698 - "POST /api/v1/auth/login HTTP/1.1" 401 Unauthorized
Login attempt: username='+373777777', password='1'
RAW LOGIN REQUEST: username='+373777777', password='1'
User FOUND: ID=1, Role=super_admin, Hash=$2b$12$0PhnD1bJYYPHgv8ln4HtA.WGRj6fmdsagTw1.imUMzhG4nx6lRcQG
Password Valid: False
❌ Password mismatch
INFO:     127.0.0.1:58830 - "POST /api/v1/auth/login HTTP/1.1" 401 Unauthorized
Login attempt: username='+373999999', password='coach123'
RAW LOGIN REQUEST: username='+373999999', password='coach123'
User FOUND: ID=3, Role=coach, Hash=$2b$12$bJ4E5O0BII.eblAOsbBOq.Z7giKQVJ3xbVlnJdJe.bTg/5DocH8He
Password Valid: True
INFO:     127.0.0.1:58855 - "POST /api/v1/auth/login HTTP/1.1" 200 OK
INFO:     127.0.0.1:58855 - "OPTIONS /api/v1/auth/me HTTP/1.1" 200 OK
INFO:     127.0.0.1:58855 - "GET /api/v1/auth/me HTTP/1.1" 200 OK
INFO:     127.0.0.1:58855 - "OPTIONS /api/v1/events/?skip=0&limit=100 HTTP/1.1" 200 OK
INFO:     127.0.0.1:58855 - "GET /api/v1/events/?skip=0&limit=100 HTTP/1.1" 200 OK
INFO:     127.0.0.1:58860 - "OPTIONS /api/v1/groups/?skip=0&limit=100 HTTP/1.1" 200 OK
INFO:     127.0.0.1:58860 - "GET /api/v1/groups/?skip=0&limit=100 HTTP/1.1" 200 OK
INFO:     127.0.0.1:58860 - "OPTIONS /api/v1/events/?skip=0&limit=100&start_date=2026-01-11T12%3A00%3A00.000&end_date=2026-01-13T11%3A59%3A59.000 HTTP/1.1" 200 OK
INFO:     127.0.0.1:58862 - "OPTIONS /api/v1/students/?skip=0&limit=100 HTTP/1.1" 200 OK
INFO:     127.0.0.1:58860 - "GET /api/v1/events/?skip=0&limit=100&start_date=2026-01-11T12%3A00%3A00.000&end_date=2026-01-13T11%3A59%3A59.000 HTTP/1.1" 200 OK
INFO:     127.0.0.1:58862 - "GET /api/v1/students/?skip=0&limit=100 HTTP/1.1" 500 Internal Server Error
ERROR:    Exception in ASGI application
Traceback (most recent call last):
  File "/Users/macbook/Desktop/football-academy-system 2/venv/lib/python3.9/site-packages/uvicorn/protocols/http/h11_impl.py", line 373, in run_asgi
    result = await app(self.scope, self.receive, self.send)
  File "/Users/macbook/Desktop/football-academy-system 2/venv/lib/python3.9/site-packages/uvicorn/middleware/proxy_headers.py", line 75, in __call__
    return await self.app(scope, receive, send)
  File "/Users/macbook/Desktop/football-academy-system 2/venv/lib/python3.9/site-packages/fastapi/applications.py", line 208, in __call__
    await super().__call__(scope, receive, send)
  File "/Users/macbook/Desktop/football-academy-system 2/venv/lib/python3.9/site-packages/starlette/applications.py", line 112, in __call__
    await self.middleware_stack(scope, receive, send)
  File "/Users/macbook/Desktop/football-academy-system 2/venv/lib/python3.9/site-packages/starlette/middleware/errors.py", line 181, in __call__
    raise exc from None
  File "/Users/macbook/Desktop/football-academy-system 2/venv/lib/python3.9/site-packages/starlette/middleware/errors.py", line 159, in __call__
    await self.app(scope, receive, _send)
  File "/Users/macbook/Desktop/football-academy-system 2/venv/lib/python3.9/site-packages/starlette/middleware/cors.py", line 86, in __call__
    await self.simple_response(scope, receive, send, request_headers=headers)
  File "/Users/macbook/Desktop/football-academy-system 2/venv/lib/python3.9/site-packages/starlette/middleware/cors.py", line 142, in simple_response
    await self.app(scope, receive, send)
  File "/Users/macbook/Desktop/football-academy-system 2/venv/lib/python3.9/site-packages/starlette/exceptions.py", line 82, in __call__
    raise exc from None
  File "/Users/macbook/Desktop/football-academy-system 2/venv/lib/python3.9/site-packages/starlette/exceptions.py", line 71, in __call__
    await self.app(scope, receive, sender)
  File "/Users/macbook/Desktop/football-academy-system 2/venv/lib/python3.9/site-packages/starlette/routing.py", line 580, in __call__
    await route.handle(scope, receive, send)
  File "/Users/macbook/Desktop/football-academy-system 2/venv/lib/python3.9/site-packages/starlette/routing.py", line 241, in handle
    await self.app(scope, receive, send)
  File "/Users/macbook/Desktop/football-academy-system 2/venv/lib/python3.9/site-packages/starlette/routing.py", line 52, in app
    response = await func(request)
  File "/Users/macbook/Desktop/football-academy-system 2/venv/lib/python3.9/site-packages/fastapi/routing.py", line 234, in app
    response_data = await serialize_response(
  File "/Users/macbook/Desktop/football-academy-system 2/venv/lib/python3.9/site-packages/fastapi/routing.py", line 137, in serialize_response
    raise ValidationError(errors, field.type_)
pydantic.error_wrappers.ValidationError: 1 validation error for StudentWithGuardians
response
  value is not a valid list (type=type_error.list)
INFO:     127.0.0.1:58860 - "GET /api/v1/students/?skip=0&limit=100 HTTP/1.1" 500 Internal Server Error
ERROR:    Exception in ASGI application
Traceback (most recent call last):
  File "/Users/macbook/Desktop/football-academy-system 2/venv/lib/python3.9/site-packages/uvicorn/protocols/http/h11_impl.py", line 373, in run_asgi
    result = await app(self.scope, self.receive, self.send)
  File "/Users/macbook/Desktop/football-academy-system 2/venv/lib/python3.9/site-packages/uvicorn/middleware/proxy_headers.py", line 75, in __call__
    return await self.app(scope, receive, send)
  File "/Users/macbook/Desktop/football-academy-system 2/venv/lib/python3.9/site-packages/fastapi/applications.py", line 208, in __call__
    await super().__call__(scope, receive, send)
  File "/Users/macbook/Desktop/football-academy-system 2/venv/lib/python3.9/site-packages/starlette/applications.py", line 112, in __call__
    await self.middleware_stack(scope, receive, send)
  File "/Users/macbook/Desktop/football-academy-system 2/venv/lib/python3.9/site-packages/starlette/middleware/errors.py", line 181, in __call__
    raise exc from None
  File "/Users/macbook/Desktop/football-academy-system 2/venv/lib/python3.9/site-packages/starlette/middleware/errors.py", line 159, in __call__
    await self.app(scope, receive, _send)
  File "/Users/macbook/Desktop/football-academy-system 2/venv/lib/python3.9/site-packages/starlette/middleware/cors.py", line 86, in __call__
    await self.simple_response(scope, receive, send, request_headers=headers)
  File "/Users/macbook/Desktop/football-academy-system 2/venv/lib/python3.9/site-packages/starlette/middleware/cors.py", line 142, in simple_response
    await self.app(scope, receive, send)
  File "/Users/macbook/Desktop/football-academy-system 2/venv/lib/python3.9/site-packages/starlette/exceptions.py", line 82, in __call__
    raise exc from None
  File "/Users/macbook/Desktop/football-academy-system 2/venv/lib/python3.9/site-packages/starlette/exceptions.py", line 71, in __call__
    await self.app(scope, receive, sender)
  File "/Users/macbook/Desktop/football-academy-system 2/venv/lib/python3.9/site-packages/starlette/routing.py", line 580, in __call__
    await route.handle(scope, receive, send)
  File "/Users/macbook/Desktop/football-academy-system 2/venv/lib/python3.9/site-packages/starlette/routing.py", line 241, in handle
    await self.app(scope, receive, send)
  File "/Users/macbook/Desktop/football-academy-system 2/venv/lib/python3.9/site-packages/starlette/routing.py", line 52, in app
    response = await func(request)
  File "/Users/macbook/Desktop/football-academy-system 2/venv/lib/python3.9/site-packages/fastapi/routing.py", line 234, in app
    response_data = await serialize_response(
  File "/Users/macbook/Desktop/football-academy-system 2/venv/lib/python3.9/site-packages/fastapi/routing.py", line 137, in serialize_response
    raise ValidationError(errors, field.type_)
pydantic.error_wrappers.ValidationError: 1 validation error for StudentWithGuardians
response
  value is not a valid list (type=type_error.list)
INFO:     127.0.0.1:58916 - "GET /api/v1/groups/?skip=0&limit=100 HTTP/1.1" 200 OK
INFO:     127.0.0.1:58916 - "GET /api/v1/events/?skip=0&limit=100&start_date=2026-01-11T12%3A00%3A00.000&end_date=2026-01-13T11%3A59%3A59.000 HTTP/1.1" 200 OK
INFO:     127.0.0.1:58916 - "GET /api/v1/students/?skip=0&limit=100 HTTP/1.1" 500 Internal Server Error
ERROR:    Exception in ASGI application
Traceback (most recent call last):
  File "/Users/macbook/Desktop/football-academy-system 2/venv/lib/python3.9/site-packages/uvicorn/protocols/http/h11_impl.py", line 373, in run_asgi
    result = await app(self.scope, self.receive, self.send)
  File "/Users/macbook/Desktop/football-academy-system 2/venv/lib/python3.9/site-packages/uvicorn/middleware/proxy_headers.py", line 75, in __call__
    return await self.app(scope, receive, send)
  File "/Users/macbook/Desktop/football-academy-system 2/venv/lib/python3.9/site-packages/fastapi/applications.py", line 208, in __call__
    await super().__call__(scope, receive, send)
  File "/Users/macbook/Desktop/football-academy-system 2/venv/lib/python3.9/site-packages/starlette/applications.py", line 112, in __call__
    await self.middleware_stack(scope, receive, send)
  File "/Users/macbook/Desktop/football-academy-system 2/venv/lib/python3.9/site-packages/starlette/middleware/errors.py", line 181, in __call__
    raise exc from None
  File "/Users/macbook/Desktop/football-academy-system 2/venv/lib/python3.9/site-packages/starlette/middleware/errors.py", line 159, in __call__
    await self.app(scope, receive, _send)
  File "/Users/macbook/Desktop/football-academy-system 2/venv/lib/python3.9/site-packages/starlette/middleware/cors.py", line 86, in __call__
    await self.simple_response(scope, receive, send, request_headers=headers)
  File "/Users/macbook/Desktop/football-academy-system 2/venv/lib/python3.9/site-packages/starlette/middleware/cors.py", line 142, in simple_response
    await self.app(scope, receive, send)
  File "/Users/macbook/Desktop/football-academy-system 2/venv/lib/python3.9/site-packages/starlette/exceptions.py", line 82, in __call__
    raise exc from None
  File "/Users/macbook/Desktop/football-academy-system 2/venv/lib/python3.9/site-packages/starlette/exceptions.py", line 71, in __call__
    await self.app(scope, receive, sender)
  File "/Users/macbook/Desktop/football-academy-system 2/venv/lib/python3.9/site-packages/starlette/routing.py", line 580, in __call__
    await route.handle(scope, receive, send)
  File "/Users/macbook/Desktop/football-academy-system 2/venv/lib/python3.9/site-packages/starlette/routing.py", line 241, in handle
    await self.app(scope, receive, send)
  File "/Users/macbook/Desktop/football-academy-system 2/venv/lib/python3.9/site-packages/starlette/routing.py", line 52, in app
    response = await func(request)
  File "/Users/macbook/Desktop/football-academy-system 2/venv/lib/python3.9/site-packages/fastapi/routing.py", line 234, in app
    response_data = await serialize_response(
  File "/Users/macbook/Desktop/football-academy-system 2/venv/lib/python3.9/site-packages/fastapi/routing.py", line 137, in serialize_response
    raise ValidationError(errors, field.type_)
pydantic.error_wrappers.ValidationError: 1 validation error for StudentWithGuardians
response
  value is not a valid list (type=type_error.list)
INFO:     127.0.0.1:58921 - "GET /api/v1/students/?skip=0&limit=100 HTTP/1.1" 500 Internal Server Error
ERROR:    Exception in ASGI application
Traceback (most recent call last):
  File "/Users/macbook/Desktop/football-academy-system 2/venv/lib/python3.9/site-packages/uvicorn/protocols/http/h11_impl.py", line 373, in run_asgi
    result = await app(self.scope, self.receive, self.send)
  File "/Users/macbook/Desktop/football-academy-system 2/venv/lib/python3.9/site-packages/uvicorn/middleware/proxy_headers.py", line 75, in __call__
    return await self.app(scope, receive, send)
  File "/Users/macbook/Desktop/football-academy-system 2/venv/lib/python3.9/site-packages/fastapi/applications.py", line 208, in __call__
    await super().__call__(scope, receive, send)
  File "/Users/macbook/Desktop/football-academy-system 2/venv/lib/python3.9/site-packages/starlette/applications.py", line 112, in __call__
    await self.middleware_stack(scope, receive, send)
  File "/Users/macbook/Desktop/football-academy-system 2/venv/lib/python3.9/site-packages/starlette/middleware/errors.py", line 181, in __call__
    raise exc from None
  File "/Users/macbook/Desktop/football-academy-system 2/venv/lib/python3.9/site-packages/starlette/middleware/errors.py", line 159, in __call__
    await self.app(scope, receive, _send)
  File "/Users/macbook/Desktop/football-academy-system 2/venv/lib/python3.9/site-packages/starlette/middleware/cors.py", line 86, in __call__
    await self.simple_response(scope, receive, send, request_headers=headers)
  File "/Users/macbook/Desktop/football-academy-system 2/venv/lib/python3.9/site-packages/starlette/middleware/cors.py", line 142, in simple_response
    await self.app(scope, receive, send)
  File "/Users/macbook/Desktop/football-academy-system 2/venv/lib/python3.9/site-packages/starlette/exceptions.py", line 82, in __call__
    raise exc from None
  File "/Users/macbook/Desktop/football-academy-system 2/venv/lib/python3.9/site-packages/starlette/exceptions.py", line 71, in __call__
    await self.app(scope, receive, sender)
  File "/Users/macbook/Desktop/football-academy-system 2/venv/lib/python3.9/site-packages/starlette/routing.py", line 580, in __call__
    await route.handle(scope, receive, send)
  File "/Users/macbook/Desktop/football-academy-system 2/venv/lib/python3.9/site-packages/starlette/routing.py", line 241, in handle
    await self.app(scope, receive, send)
  File "/Users/macbook/Desktop/football-academy-system 2/venv/lib/python3.9/site-packages/starlette/routing.py", line 52, in app
    response = await func(request)
  File "/Users/macbook/Desktop/football-academy-system 2/venv/lib/python3.9/site-packages/fastapi/routing.py", line 234, in app
    response_data = await serialize_response(
  File "/Users/macbook/Desktop/football-academy-system 2/venv/lib/python3.9/site-packages/fastapi/routing.py", line 137, in serialize_response
    raise ValidationError(errors, field.type_)
pydantic.error_wrappers.ValidationError: 1 validation error for StudentWithGuardians
response
  value is not a valid list (type=type_error.list)
INFO:     127.0.0.1:58924 - "GET /api/v1/students/?skip=0&limit=100 HTTP/1.1" 500 Internal Server Error
ERROR:    Exception in ASGI application
Traceback (most recent call last):
  File "/Users/macbook/Desktop/football-academy-system 2/venv/lib/python3.9/site-packages/uvicorn/protocols/http/h11_impl.py", line 373, in run_asgi
    result = await app(self.scope, self.receive, self.send)
  File "/Users/macbook/Desktop/football-academy-system 2/venv/lib/python3.9/site-packages/uvicorn/middleware/proxy_headers.py", line 75, in __call__
    return await self.app(scope, receive, send)
  File "/Users/macbook/Desktop/football-academy-system 2/venv/lib/python3.9/site-packages/fastapi/applications.py", line 208, in __call__
    await super().__call__(scope, receive, send)
  File "/Users/macbook/Desktop/football-academy-system 2/venv/lib/python3.9/site-packages/starlette/applications.py", line 112, in __call__
    await self.middleware_stack(scope, receive, send)
  File "/Users/macbook/Desktop/football-academy-system 2/venv/lib/python3.9/site-packages/starlette/middleware/errors.py", line 181, in __call__
    raise exc from None
  File "/Users/macbook/Desktop/football-academy-system 2/venv/lib/python3.9/site-packages/starlette/middleware/errors.py", line 159, in __call__
    await self.app(scope, receive, _send)
  File "/Users/macbook/Desktop/football-academy-system 2/venv/lib/python3.9/site-packages/starlette/middleware/cors.py", line 86, in __call__
    await self.simple_response(scope, receive, send, request_headers=headers)
  File "/Users/macbook/Desktop/football-academy-system 2/venv/lib/python3.9/site-packages/starlette/middleware/cors.py", line 142, in simple_response
    await self.app(scope, receive, send)
  File "/Users/macbook/Desktop/football-academy-system 2/venv/lib/python3.9/site-packages/starlette/exceptions.py", line 82, in __call__
    raise exc from None
  File "/Users/macbook/Desktop/football-academy-system 2/venv/lib/python3.9/site-packages/starlette/exceptions.py", line 71, in __call__
    await self.app(scope, receive, sender)
  File "/Users/macbook/Desktop/football-academy-system 2/venv/lib/python3.9/site-packages/starlette/routing.py", line 580, in __call__
    await route.handle(scope, receive, send)
  File "/Users/macbook/Desktop/football-academy-system 2/venv/lib/python3.9/site-packages/starlette/routing.py", line 241, in handle
    await self.app(scope, receive, send)
  File "/Users/macbook/Desktop/football-academy-system 2/venv/lib/python3.9/site-packages/starlette/routing.py", line 52, in app
    response = await func(request)
  File "/Users/macbook/Desktop/football-academy-system 2/venv/lib/python3.9/site-packages/fastapi/routing.py", line 234, in app
    response_data = await serialize_response(
  File "/Users/macbook/Desktop/football-academy-system 2/venv/lib/python3.9/site-packages/fastapi/routing.py", line 137, in serialize_response
    raise ValidationError(errors, field.type_)
pydantic.error_wrappers.ValidationError: 1 validation error for StudentWithGuardians
response
  value is not a valid list (type=type_error.list)
INFO:     127.0.0.1:58927 - "GET /api/v1/events/?skip=0&limit=100&start_date=2026-01-11T12%3A00%3A00.000&end_date=2026-01-13T11%3A59%3A59.000 HTTP/1.1" 200 OK
INFO:     127.0.0.1:58927 - "GET /api/v1/students/?skip=0&limit=100 HTTP/1.1" 500 Internal Server Error
ERROR:    Exception in ASGI application
Traceback (most recent call last):
  File "/Users/macbook/Desktop/football-academy-system 2/venv/lib/python3.9/site-packages/uvicorn/protocols/http/h11_impl.py", line 373, in run_asgi
    result = await app(self.scope, self.receive, self.send)
  File "/Users/macbook/Desktop/football-academy-system 2/venv/lib/python3.9/site-packages/uvicorn/middleware/proxy_headers.py", line 75, in __call__
    return await self.app(scope, receive, send)
  File "/Users/macbook/Desktop/football-academy-system 2/venv/lib/python3.9/site-packages/fastapi/applications.py", line 208, in __call__
    await super().__call__(scope, receive, send)
  File "/Users/macbook/Desktop/football-academy-system 2/venv/lib/python3.9/site-packages/starlette/applications.py", line 112, in __call__
    await self.middleware_stack(scope, receive, send)
  File "/Users/macbook/Desktop/football-academy-system 2/venv/lib/python3.9/site-packages/starlette/middleware/errors.py", line 181, in __call__
    raise exc from None
  File "/Users/macbook/Desktop/football-academy-system 2/venv/lib/python3.9/site-packages/starlette/middleware/errors.py", line 159, in __call__
    await self.app(scope, receive, _send)
  File "/Users/macbook/Desktop/football-academy-system 2/venv/lib/python3.9/site-packages/starlette/middleware/cors.py", line 86, in __call__
    await self.simple_response(scope, receive, send, request_headers=headers)
  File "/Users/macbook/Desktop/football-academy-system 2/venv/lib/python3.9/site-packages/starlette/middleware/cors.py", line 142, in simple_response
    await self.app(scope, receive, send)
  File "/Users/macbook/Desktop/football-academy-system 2/venv/lib/python3.9/site-packages/starlette/exceptions.py", line 82, in __call__
    raise exc from None
  File "/Users/macbook/Desktop/football-academy-system 2/venv/lib/python3.9/site-packages/starlette/exceptions.py", line 71, in __call__
    await self.app(scope, receive, sender)
  File "/Users/macbook/Desktop/football-academy-system 2/venv/lib/python3.9/site-packages/starlette/routing.py", line 580, in __call__
    await route.handle(scope, receive, send)
  File "/Users/macbook/Desktop/football-academy-system 2/venv/lib/python3.9/site-packages/starlette/routing.py", line 241, in handle
    await self.app(scope, receive, send)
  File "/Users/macbook/Desktop/football-academy-system 2/venv/lib/python3.9/site-packages/starlette/routing.py", line 52, in app
    response = await func(request)
  File "/Users/macbook/Desktop/football-academy-system 2/venv/lib/python3.9/site-packages/fastapi/routing.py", line 234, in app
    response_data = await serialize_response(
  File "/Users/macbook/Desktop/football-academy-system 2/venv/lib/python3.9/site-packages/fastapi/routing.py", line 137, in serialize_response
    raise ValidationError(errors, field.type_)
pydantic.error_wrappers.ValidationError: 1 validation error for StudentWithGuardians
response
  value is not a valid list (type=type_error.list)
INFO:     127.0.0.1:58930 - "GET /api/v1/events/?skip=0&limit=100 HTTP/1.1" 200 OK
INFO:     127.0.0.1:58941 - "OPTIONS /api/v1/payments/?skip=0&limit=100 HTTP/1.1" 200 OK
INFO:     127.0.0.1:58942 - "OPTIONS /api/v1/attendance/?skip=0&limit=100 HTTP/1.1" 200 OK
INFO:     127.0.0.1:58936 - "GET /api/v1/students/?skip=0&limit=100 HTTP/1.1" 500 Internal Server Error
INFO:     127.0.0.1:58938 - "GET /api/v1/groups/?skip=0&limit=100 HTTP/1.1" 200 OK
INFO:     127.0.0.1:58939 - "GET /api/v1/events/?skip=0&limit=100 HTTP/1.1" 200 OK
ERROR:    Exception in ASGI application
Traceback (most recent call last):
  File "/Users/macbook/Desktop/football-academy-system 2/venv/lib/python3.9/site-packages/uvicorn/protocols/http/h11_impl.py", line 373, in run_asgi
    result = await app(self.scope, self.receive, self.send)
  File "/Users/macbook/Desktop/football-academy-system 2/venv/lib/python3.9/site-packages/uvicorn/middleware/proxy_headers.py", line 75, in __call__
    return await self.app(scope, receive, send)
  File "/Users/macbook/Desktop/football-academy-system 2/venv/lib/python3.9/site-packages/fastapi/applications.py", line 208, in __call__
    await super().__call__(scope, receive, send)
  File "/Users/macbook/Desktop/football-academy-system 2/venv/lib/python3.9/site-packages/starlette/applications.py", line 112, in __call__
    await self.middleware_stack(scope, receive, send)
  File "/Users/macbook/Desktop/football-academy-system 2/venv/lib/python3.9/site-packages/starlette/middleware/errors.py", line 181, in __call__
    raise exc from None
  File "/Users/macbook/Desktop/football-academy-system 2/venv/lib/python3.9/site-packages/starlette/middleware/errors.py", line 159, in __call__
    await self.app(scope, receive, _send)
  File "/Users/macbook/Desktop/football-academy-system 2/venv/lib/python3.9/site-packages/starlette/middleware/cors.py", line 86, in __call__
    await self.simple_response(scope, receive, send, request_headers=headers)
  File "/Users/macbook/Desktop/football-academy-system 2/venv/lib/python3.9/site-packages/starlette/middleware/cors.py", line 142, in simple_response
    await self.app(scope, receive, send)
  File "/Users/macbook/Desktop/football-academy-system 2/venv/lib/python3.9/site-packages/starlette/exceptions.py", line 82, in __call__
    raise exc from None
  File "/Users/macbook/Desktop/football-academy-system 2/venv/lib/python3.9/site-packages/starlette/exceptions.py", line 71, in __call__
    await self.app(scope, receive, sender)
  File "/Users/macbook/Desktop/football-academy-system 2/venv/lib/python3.9/site-packages/starlette/routing.py", line 580, in __call__
    await route.handle(scope, receive, send)
  File "/Users/macbook/Desktop/football-academy-system 2/venv/lib/python3.9/site-packages/starlette/routing.py", line 241, in handle
    await self.app(scope, receive, send)
  File "/Users/macbook/Desktop/football-academy-system 2/venv/lib/python3.9/site-packages/starlette/routing.py", line 52, in app
    response = await func(request)
  File "/Users/macbook/Desktop/football-academy-system 2/venv/lib/python3.9/site-packages/fastapi/routing.py", line 234, in app
    response_data = await serialize_response(
  File "/Users/macbook/Desktop/football-academy-system 2/venv/lib/python3.9/site-packages/fastapi/routing.py", line 137, in serialize_response
    raise ValidationError(errors, field.type_)
pydantic.error_wrappers.ValidationError: 1 validation error for StudentWithGuardians
response
  value is not a valid list (type=type_error.list)
INFO:     127.0.0.1:58942 - "GET /api/v1/payments/?skip=0&limit=100 HTTP/1.1" 500 Internal Server Error
INFO:     127.0.0.1:58941 - "GET /api/v1/attendance/?skip=0&limit=100 HTTP/1.1" 200 OK
ERROR:    Exception in ASGI application
Traceback (most recent call last):
  File "/Users/macbook/Desktop/football-academy-system 2/venv/lib/python3.9/site-packages/uvicorn/protocols/http/h11_impl.py", line 373, in run_asgi
    result = await app(self.scope, self.receive, self.send)
  File "/Users/macbook/Desktop/football-academy-system 2/venv/lib/python3.9/site-packages/uvicorn/middleware/proxy_headers.py", line 75, in __call__
    return await self.app(scope, receive, send)
  File "/Users/macbook/Desktop/football-academy-system 2/venv/lib/python3.9/site-packages/fastapi/applications.py", line 208, in __call__
    await super().__call__(scope, receive, send)
  File "/Users/macbook/Desktop/football-academy-system 2/venv/lib/python3.9/site-packages/starlette/applications.py", line 112, in __call__
    await self.middleware_stack(scope, receive, send)
  File "/Users/macbook/Desktop/football-academy-system 2/venv/lib/python3.9/site-packages/starlette/middleware/errors.py", line 181, in __call__
    raise exc from None
  File "/Users/macbook/Desktop/football-academy-system 2/venv/lib/python3.9/site-packages/starlette/middleware/errors.py", line 159, in __call__
    await self.app(scope, receive, _send)
  File "/Users/macbook/Desktop/football-academy-system 2/venv/lib/python3.9/site-packages/starlette/middleware/cors.py", line 86, in __call__
    await self.simple_response(scope, receive, send, request_headers=headers)
  File "/Users/macbook/Desktop/football-academy-system 2/venv/lib/python3.9/site-packages/starlette/middleware/cors.py", line 142, in simple_response
    await self.app(scope, receive, send)
  File "/Users/macbook/Desktop/football-academy-system 2/venv/lib/python3.9/site-packages/starlette/exceptions.py", line 82, in __call__
    raise exc from None
  File "/Users/macbook/Desktop/football-academy-system 2/venv/lib/python3.9/site-packages/starlette/exceptions.py", line 71, in __call__
    await self.app(scope, receive, sender)
  File "/Users/macbook/Desktop/football-academy-system 2/venv/lib/python3.9/site-packages/starlette/routing.py", line 580, in __call__
    await route.handle(scope, receive, send)
  File "/Users/macbook/Desktop/football-academy-system 2/venv/lib/python3.9/site-packages/starlette/routing.py", line 241, in handle
    await self.app(scope, receive, send)
  File "/Users/macbook/Desktop/football-academy-system 2/venv/lib/python3.9/site-packages/starlette/routing.py", line 52, in app
    response = await func(request)
  File "/Users/macbook/Desktop/football-academy-system 2/venv/lib/python3.9/site-packages/fastapi/routing.py", line 234, in app
    response_data = await serialize_response(
  File "/Users/macbook/Desktop/football-academy-system 2/venv/lib/python3.9/site-packages/fastapi/routing.py", line 137, in serialize_response
    raise ValidationError(errors, field.type_)
pydantic.error_wrappers.ValidationError: 1 validation error for PaymentResponse
response
  value is not a valid list (type=type_error.list)
INFO:     127.0.0.1:58941 - "GET /api/v1/groups/?skip=0&limit=100 HTTP/1.1" 200 OK
INFO:     127.0.0.1:58982 - "GET /api/v1/students/?skip=0&limit=100 HTTP/1.1" 500 Internal Server Error
INFO:     127.0.0.1:58984 - "GET /api/v1/groups/?skip=0&limit=100 HTTP/1.1" 200 OK
INFO:     127.0.0.1:58987 - "GET /api/v1/events/?skip=0&limit=100 HTTP/1.1" 200 OK
INFO:     127.0.0.1:58988 - "GET /api/v1/payments/?skip=0&limit=100 HTTP/1.1" 500 Internal Server Error
INFO:     127.0.0.1:58989 - "GET /api/v1/attendance/?skip=0&limit=100 HTTP/1.1" 200 OK
ERROR:    Exception in ASGI application
Traceback (most recent call last):
  File "/Users/macbook/Desktop/football-academy-system 2/venv/lib/python3.9/site-packages/uvicorn/protocols/http/h11_impl.py", line 373, in run_asgi
    result = await app(self.scope, self.receive, self.send)
  File "/Users/macbook/Desktop/football-academy-system 2/venv/lib/python3.9/site-packages/uvicorn/middleware/proxy_headers.py", line 75, in __call__
    return await self.app(scope, receive, send)
  File "/Users/macbook/Desktop/football-academy-system 2/venv/lib/python3.9/site-packages/fastapi/applications.py", line 208, in __call__
    await super().__call__(scope, receive, send)
  File "/Users/macbook/Desktop/football-academy-system 2/venv/lib/python3.9/site-packages/starlette/applications.py", line 112, in __call__
    await self.middleware_stack(scope, receive, send)
  File "/Users/macbook/Desktop/football-academy-system 2/venv/lib/python3.9/site-packages/starlette/middleware/errors.py", line 181, in __call__
    raise exc from None
  File "/Users/macbook/Desktop/football-academy-system 2/venv/lib/python3.9/site-packages/starlette/middleware/errors.py", line 159, in __call__
    await self.app(scope, receive, _send)
  File "/Users/macbook/Desktop/football-academy-system 2/venv/lib/python3.9/site-packages/starlette/middleware/cors.py", line 86, in __call__
    await self.simple_response(scope, receive, send, request_headers=headers)
  File "/Users/macbook/Desktop/football-academy-system 2/venv/lib/python3.9/site-packages/starlette/middleware/cors.py", line 142, in simple_response
    await self.app(scope, receive, send)
  File "/Users/macbook/Desktop/football-academy-system 2/venv/lib/python3.9/site-packages/starlette/exceptions.py", line 82, in __call__
    raise exc from None
  File "/Users/macbook/Desktop/football-academy-system 2/venv/lib/python3.9/site-packages/starlette/exceptions.py", line 71, in __call__
    await self.app(scope, receive, sender)
  File "/Users/macbook/Desktop/football-academy-system 2/venv/lib/python3.9/site-packages/starlette/routing.py", line 580, in __call__
    await route.handle(scope, receive, send)
  File "/Users/macbook/Desktop/football-academy-system 2/venv/lib/python3.9/site-packages/starlette/routing.py", line 241, in handle
    await self.app(scope, receive, send)
  File "/Users/macbook/Desktop/football-academy-system 2/venv/lib/python3.9/site-packages/starlette/routing.py", line 52, in app
    response = await func(request)
  File "/Users/macbook/Desktop/football-academy-system 2/venv/lib/python3.9/site-packages/fastapi/routing.py", line 234, in app
    response_data = await serialize_response(
  File "/Users/macbook/Desktop/football-academy-system 2/venv/lib/python3.9/site-packages/fastapi/routing.py", line 137, in serialize_response
    raise ValidationError(errors, field.type_)
pydantic.error_wrappers.ValidationError: 1 validation error for StudentWithGuardians
response
  value is not a valid list (type=type_error.list)
ERROR:    Exception in ASGI application
Traceback (most recent call last):
  File "/Users/macbook/Desktop/football-academy-system 2/venv/lib/python3.9/site-packages/uvicorn/protocols/http/h11_impl.py", line 373, in run_asgi
    result = await app(self.scope, self.receive, self.send)
  File "/Users/macbook/Desktop/football-academy-system 2/venv/lib/python3.9/site-packages/uvicorn/middleware/proxy_headers.py", line 75, in __call__
    return await self.app(scope, receive, send)
  File "/Users/macbook/Desktop/football-academy-system 2/venv/lib/python3.9/site-packages/fastapi/applications.py", line 208, in __call__
    await super().__call__(scope, receive, send)
  File "/Users/macbook/Desktop/football-academy-system 2/venv/lib/python3.9/site-packages/starlette/applications.py", line 112, in __call__
    await self.middleware_stack(scope, receive, send)
  File "/Users/macbook/Desktop/football-academy-system 2/venv/lib/python3.9/site-packages/starlette/middleware/errors.py", line 181, in __call__
    raise exc from None
  File "/Users/macbook/Desktop/football-academy-system 2/venv/lib/python3.9/site-packages/starlette/middleware/errors.py", line 159, in __call__
    await self.app(scope, receive, _send)
  File "/Users/macbook/Desktop/football-academy-system 2/venv/lib/python3.9/site-packages/starlette/middleware/cors.py", line 86, in __call__
    await self.simple_response(scope, receive, send, request_headers=headers)
  File "/Users/macbook/Desktop/football-academy-system 2/venv/lib/python3.9/site-packages/starlette/middleware/cors.py", line 142, in simple_response
    await self.app(scope, receive, send)
  File "/Users/macbook/Desktop/football-academy-system 2/venv/lib/python3.9/site-packages/starlette/exceptions.py", line 82, in __call__
    raise exc from None
  File "/Users/macbook/Desktop/football-academy-system 2/venv/lib/python3.9/site-packages/starlette/exceptions.py", line 71, in __call__
    await self.app(scope, receive, sender)
  File "/Users/macbook/Desktop/football-academy-system 2/venv/lib/python3.9/site-packages/starlette/routing.py", line 580, in __call__
    await route.handle(scope, receive, send)
  File "/Users/macbook/Desktop/football-academy-system 2/venv/lib/python3.9/site-packages/starlette/routing.py", line 241, in handle
    await self.app(scope, receive, send)
  File "/Users/macbook/Desktop/football-academy-system 2/venv/lib/python3.9/site-packages/starlette/routing.py", line 52, in app
    response = await func(request)
  File "/Users/macbook/Desktop/football-academy-system 2/venv/lib/python3.9/site-packages/fastapi/routing.py", line 234, in app
    response_data = await serialize_response(
  File "/Users/macbook/Desktop/football-academy-system 2/venv/lib/python3.9/site-packages/fastapi/routing.py", line 137, in serialize_response
    raise ValidationError(errors, field.type_)
pydantic.error_wrappers.ValidationError: 1 validation error for PaymentResponse
response
  value is not a valid list (type=type_error.list)
INFO:     127.0.0.1:58993 - "GET /api/v1/groups/?skip=0&limit=100 HTTP/1.1" 200 OK
INFO:     127.0.0.1:58993 - "GET /api/v1/events/?skip=0&limit=100&start_date=2026-01-11T12%3A00%3A00.000&end_date=2026-01-13T11%3A59%3A59.000 HTTP/1.1" 200 OK
INFO:     127.0.0.1:58993 - "GET /api/v1/students/?skip=0&limit=100 HTTP/1.1" 500 Internal Server Error
ERROR:    Exception in ASGI application
Traceback (most recent call last):
  File "/Users/macbook/Desktop/football-academy-system 2/venv/lib/python3.9/site-packages/uvicorn/protocols/http/h11_impl.py", line 373, in run_asgi
    result = await app(self.scope, self.receive, self.send)
  File "/Users/macbook/Desktop/football-academy-system 2/venv/lib/python3.9/site-packages/uvicorn/middleware/proxy_headers.py", line 75, in __call__
    return await self.app(scope, receive, send)
  File "/Users/macbook/Desktop/football-academy-system 2/venv/lib/python3.9/site-packages/fastapi/applications.py", line 208, in __call__
    await super().__call__(scope, receive, send)
  File "/Users/macbook/Desktop/football-academy-system 2/venv/lib/python3.9/site-packages/starlette/applications.py", line 112, in __call__
    await self.middleware_stack(scope, receive, send)
  File "/Users/macbook/Desktop/football-academy-system 2/venv/lib/python3.9/site-packages/starlette/middleware/errors.py", line 181, in __call__
    raise exc from None
  File "/Users/macbook/Desktop/football-academy-system 2/venv/lib/python3.9/site-packages/starlette/middleware/errors.py", line 159, in __call__
    await self.app(scope, receive, _send)
  File "/Users/macbook/Desktop/football-academy-system 2/venv/lib/python3.9/site-packages/starlette/middleware/cors.py", line 86, in __call__
    await self.simple_response(scope, receive, send, request_headers=headers)
  File "/Users/macbook/Desktop/football-academy-system 2/venv/lib/python3.9/site-packages/starlette/middleware/cors.py", line 142, in simple_response
    await self.app(scope, receive, send)
  File "/Users/macbook/Desktop/football-academy-system 2/venv/lib/python3.9/site-packages/starlette/exceptions.py", line 82, in __call__
    raise exc from None
  File "/Users/macbook/Desktop/football-academy-system 2/venv/lib/python3.9/site-packages/starlette/exceptions.py", line 71, in __call__
    await self.app(scope, receive, sender)
  File "/Users/macbook/Desktop/football-academy-system 2/venv/lib/python3.9/site-packages/starlette/routing.py", line 580, in __call__
    await route.handle(scope, receive, send)
  File "/Users/macbook/Desktop/football-academy-system 2/venv/lib/python3.9/site-packages/starlette/routing.py", line 241, in handle
    await self.app(scope, receive, send)
  File "/Users/macbook/Desktop/football-academy-system 2/venv/lib/python3.9/site-packages/starlette/routing.py", line 52, in app
    response = await func(request)
  File "/Users/macbook/Desktop/football-academy-system 2/venv/lib/python3.9/site-packages/fastapi/routing.py", line 234, in app
    response_data = await serialize_response(
  File "/Users/macbook/Desktop/football-academy-system 2/venv/lib/python3.9/site-packages/fastapi/routing.py", line 137, in serialize_response
    raise ValidationError(errors, field.type_)
pydantic.error_wrappers.ValidationError: 1 validation error for StudentWithGuardians
response
  value is not a valid list (type=type_error.list)
INFO:     127.0.0.1:58995 - "GET /api/v1/events/?skip=0&limit=100 HTTP/1.1" 200 OK
Login attempt: username='+37376624536', password='admin123'
RAW LOGIN REQUEST: username='+37376624536', password='admin123'
Trying phone_with_plus: '+37376624536'
Trying clean_phone (no plus): '37376624536'
❌ User NOT FOUND in DB
INFO:     127.0.0.1:59284 - "POST /api/v1/auth/login HTTP/1.1" 401 Unauthorized
WARNING:  StatReload detected file change in 'app/schemas/student.py'. Reloading...
INFO:     Shutting down
INFO:     Waiting for application shutdown.
INFO:     Application shutdown complete.
INFO:     Finished server process [32494]
INFO:     Started server process [43335]
INFO:     Waiting for application startup.
INFO:     Application startup complete.
WARNING:  StatReload detected file change in 'app/schemas/student.py'. Reloading...
INFO:     Shutting down
INFO:     Waiting for application shutdown.
INFO:     Application shutdown complete.
INFO:     Finished server process [43335]
INFO:     Started server process [43338]
INFO:     Waiting for application startup.
INFO:     Application startup complete.
WARNING:  StatReload detected file change in 'app/schemas/payment.py'. Reloading...
INFO:     Shutting down
INFO:     Waiting for application shutdown.
INFO:     Application shutdown complete.
INFO:     Finished server process [43338]
INFO:     Started server process [43346]
INFO:     Waiting for application startup.
INFO:     Application startup complete.
WARNING:  StatReload detected file change in 'app/schemas/payment.py'. Reloading...
INFO:     Shutting down
INFO:     Waiting for application shutdown.
INFO:     Application shutdown complete.
INFO:     Finished server process [43346]
INFO:     Started server process [43361]
INFO:     Waiting for application startup.
INFO:     Application startup complete.
WARNING:  StatReload detected file change in 'app/routers/students.py'. Reloading...
INFO:     Shutting down
INFO:     Waiting for application shutdown.
INFO:     Application shutdown complete.
INFO:     Finished server process [43361]
INFO:     Started server process [43384]
INFO:     Waiting for application startup.
INFO:     Application startup complete.
WARNING:  StatReload detected file change in 'app/routers/students.py'. Reloading...
INFO:     Shutting down
INFO:     Waiting for application shutdown.
INFO:     Application shutdown complete.
INFO:     Finished server process [43384]
INFO:     Started server process [43394]
INFO:     Waiting for application startup.
INFO:     Application startup complete.
WARNING:  StatReload detected file change in 'app/routers/payments.py'. Reloading...
INFO:     Shutting down
INFO:     Waiting for application shutdown.
INFO:     Application shutdown complete.
INFO:     Finished server process [43394]
INFO:     Started server process [43398]
INFO:     Waiting for application startup.
INFO:     Application startup complete.
WARNING:  StatReload detected file change in 'app/routers/payments.py'. Reloading...
INFO:     Shutting down
INFO:     Waiting for application shutdown.
INFO:     Application shutdown complete.
INFO:     Finished server process [43398]
INFO:     Started server process [43409]
INFO:     Waiting for application startup.
INFO:     Application startup complete.
INFO:     127.0.0.1:59690 - "GET /api/v1/students/ HTTP/1.1" 401 Unauthorized
Login attempt: username=' 373999999', password='coach123'
RAW LOGIN REQUEST: username=' 373999999', password='coach123'
Trying phone_with_plus: '+373999999'
User FOUND: ID=3, Role=coach, Hash=$2b$12$bJ4E5O0BII.eblAOsbBOq.Z7giKQVJ3xbVlnJdJe.bTg/5DocH8He
Password Valid: True
INFO:     127.0.0.1:59694 - "POST /api/v1/auth/login HTTP/1.1" 200 OK
INFO:     127.0.0.1:59698 - "GET /api/v1/students/ HTTP/1.1" 200 OK
INFO:     127.0.0.1:59844 - "GET /api/v1/students/ HTTP/1.1" 401 Unauthorized
INFO:     127.0.0.1:59846 - "GET /api/v1/payments/ HTTP/1.1" 401 Unauthorized
WARNING:  StatReload detected file change in 'app/routers/events.py'. Reloading...
INFO:     Shutting down
INFO:     Waiting for application shutdown.
INFO:     Application shutdown complete.
INFO:     Finished server process [43409]
INFO:     Started server process [44290]
INFO:     Waiting for application startup.
INFO:     Application startup complete.
WARNING:  StatReload detected file change in 'app/routers/events.py'. Reloading...
INFO:     Shutting down
INFO:     Waiting for application shutdown.
INFO:     Application shutdown complete.
INFO:     Finished server process [44290]
INFO:     Started server process [44310]
INFO:     Waiting for application startup.
INFO:     Application startup complete.
INFO:     127.0.0.1:59996 - "GET /api/v1/auth/test HTTP/1.1" 404 Not Found
INFO:     127.0.0.1:59999 - "GET / HTTP/1.1" 200 OK
Login attempt: username=' 37376624536', password='admin123'
RAW LOGIN REQUEST: username=' 37376624536', password='admin123'
Trying phone_with_plus: '+37376624536'
User FOUND: ID=5, Role=admin, Hash=$2b$12$MnAXR/3HhNdwDXfZ31uLJOMimYiJUDNmfEc54eZuZw77qOi8PqJeO
Password Valid: True
INFO:     127.0.0.1:60079 - "POST /api/v1/auth/login HTTP/1.1" 200 OK
INFO:     Shutting down
INFO:     Finished server process [44310]
INFO:     ASGI 'lifespan' protocol appears unsupported.
INFO:     Stopping reloader process [31968]
