INFO:     Will watch for changes in these directories: ['/Users/macbook/Desktop/football-academy-system 2']
INFO:     Uvicorn running on http://0.0.0.0:8000 (Press CTRL+C to quit)
INFO:     Started reloader process [28146] using statreload
INFO:     Started server process [28201]
INFO:     Waiting for application startup.
INFO:     Application startup complete.
WARNING:  StatReload detected file change in 'app/core/sms_service.py'. Reloading...
INFO:     Shutting down
INFO:     Waiting for application shutdown.
INFO:     Application shutdown complete.
INFO:     Finished server process [28201]
INFO:     Started server process [28519]
INFO:     Waiting for application startup.
INFO:     Application startup complete.
WARNING:  StatReload detected file change in 'app/core/background_tasks.py'. Reloading...
INFO:     Shutting down
INFO:     Waiting for application shutdown.
INFO:     Application shutdown complete.
INFO:     Finished server process [28519]
INFO:     Started server process [28535]
INFO:     Waiting for application startup.
INFO:     Application startup complete.
WARNING:  StatReload detected file change in 'app/core/background_tasks.py'. Reloading...
INFO:     Shutting down
INFO:     Waiting for application shutdown.
INFO:     Application shutdown complete.
INFO:     Finished server process [28535]
INFO:     Started server process [28538]
INFO:     Waiting for application startup.
INFO:     Application startup complete.
WARNING:  StatReload detected file change in 'app/core/background_tasks.py'. Reloading...
INFO:     Shutting down
INFO:     Waiting for application shutdown.
INFO:     Application shutdown complete.
INFO:     Finished server process [28538]
INFO:     Started server process [28546]
INFO:     Waiting for application startup.
INFO:     Application startup complete.
WARNING:  StatReload detected file change in 'app/core/background_tasks.py'. Reloading...
INFO:     Shutting down
INFO:     Waiting for application shutdown.
INFO:     Application shutdown complete.
INFO:     Finished server process [28546]
INFO:     Started server process [28552]
INFO:     Waiting for application startup.
INFO:     Application startup complete.
WARNING:  StatReload detected file change in 'app/core/background_tasks.py'. Reloading...
INFO:     Shutting down
INFO:     Waiting for application shutdown.
INFO:     Application shutdown complete.
INFO:     Finished server process [28552]
INFO:     Started server process [28584]
INFO:     Waiting for application startup.
INFO:     Application startup complete.
WARNING:  StatReload detected file change in 'app/routers/payments.py'. Reloading...
INFO:     Shutting down
INFO:     Waiting for application shutdown.
INFO:     Application shutdown complete.
INFO:     Finished server process [28584]
INFO:     Started server process [28603]
INFO:     Waiting for application startup.
INFO:     Application startup complete.
WARNING:  StatReload detected file change in 'app/routers/payments.py'. Reloading...
INFO:     Shutting down
INFO:     Waiting for application shutdown.
INFO:     Application shutdown complete.
INFO:     Finished server process [28603]
INFO:     Started server process [28618]
INFO:     Waiting for application startup.
INFO:     Application startup complete.
